<?xml version="1.0" encoding="UTF-8"?>
<!-- Generated by org.testng.reporters.JUnitXMLReporter -->
<testsuite ignored="0" hostname="LAPTOP-0NUUCPCM" failures="0" tests="4" name="Test" time="60.005" errors="0" timestamp="2024-07-07T02:32:28 IST">
  <testcase classname="com.naukri.qa.Testcases.LoginTest" name="loginPage" time="10.557"/>
  <testcase classname="com.naukri.qa.Testcases.HomePageTest" name="clickOncompleteProfile" time="5.394"/>
  <testcase classname="com.naukri.qa.Testcases.ProfileTest" name="verifyProfileName" time="0.036"/>
  <testcase classname="com.naukri.qa.Testcases.ProfileTest" name="verifyResumeheadlineDtl" time="6.586"/>
</testsuite> <!-- Test -->
