<?xml version="1.0" encoding="UTF-8"?>
<testng-results ignored="0" total="4" passed="4" failed="0" skipped="0">
  <reporter-output>
  </reporter-output>
  <suite started-at="2024-07-09T03:05:55 IST" name="Surefire suite" finished-at="2024-07-09T03:06:53 IST" duration-ms="57665">
    <groups>
    </groups>
    <test started-at="2024-07-09T03:05:55 IST" name="Surefire test" finished-at="2024-07-09T03:06:53 IST" duration-ms="57665">
      <class name="com.naukri.qa.Testcases.LoginTest">
        <test-method is-config="true" signature="setup()[pri:0, instance:com.naukri.qa.Testcases.LoginTest@18ce0030]" started-at="2024-07-09T03:06:12 IST" name="setup" finished-at="2024-07-09T03:06:16 IST" duration-ms="3942" status="PASS">
          <reporter-output>
          </reporter-output>
        </test-method> <!-- setup -->
        <test-method signature="loginPage()[pri:0, instance:com.naukri.qa.Testcases.LoginTest@18ce0030]" started-at="2024-07-09T03:06:16 IST" name="loginPage" finished-at="2024-07-09T03:06:26 IST" duration-ms="10470" status="PASS">
          <reporter-output>
          </reporter-output>
        </test-method> <!-- loginPage -->
        <test-method is-config="true" signature="terDown()[pri:0, instance:com.naukri.qa.Testcases.LoginTest@18ce0030]" started-at="2024-07-09T03:06:26 IST" name="terDown" finished-at="2024-07-09T03:06:27 IST" duration-ms="231" status="PASS">
          <reporter-output>
          </reporter-output>
        </test-method> <!-- terDown -->
      </class> <!-- com.naukri.qa.Testcases.LoginTest -->
      <class name="com.naukri.qa.Testcases.HomePageTest">
        <test-method is-config="true" signature="setup()[pri:0, instance:com.naukri.qa.Testcases.HomePageTest@4c15e7fd]" started-at="2024-07-09T03:05:55 IST" name="setup" finished-at="2024-07-09T03:06:06 IST" duration-ms="11143" status="PASS">
          <reporter-output>
          </reporter-output>
        </test-method> <!-- setup -->
        <test-method signature="clickOncompleteProfile()[pri:0, instance:com.naukri.qa.Testcases.HomePageTest@4c15e7fd]" started-at="2024-07-09T03:06:06 IST" name="clickOncompleteProfile" finished-at="2024-07-09T03:06:12 IST" duration-ms="5342" status="PASS">
          <reporter-output>
          </reporter-output>
        </test-method> <!-- clickOncompleteProfile -->
        <test-method is-config="true" signature="tearDown()[pri:0, instance:com.naukri.qa.Testcases.HomePageTest@4c15e7fd]" started-at="2024-07-09T03:06:12 IST" name="tearDown" finished-at="2024-07-09T03:06:12 IST" duration-ms="235" status="PASS">
          <reporter-output>
          </reporter-output>
        </test-method> <!-- tearDown -->
      </class> <!-- com.naukri.qa.Testcases.HomePageTest -->
      <class name="com.naukri.qa.Testcases.ProfileTest">
        <test-method is-config="true" signature="setup()[pri:0, instance:com.naukri.qa.Testcases.ProfileTest@4445629]" started-at="2024-07-09T03:06:27 IST" name="setup" finished-at="2024-07-09T03:06:36 IST" duration-ms="9376" status="PASS">
          <reporter-output>
          </reporter-output>
        </test-method> <!-- setup -->
        <test-method signature="verifyProfileName()[pri:0, instance:com.naukri.qa.Testcases.ProfileTest@4445629]" started-at="2024-07-09T03:06:36 IST" name="verifyProfileName" finished-at="2024-07-09T03:06:37 IST" duration-ms="565" status="PASS">
          <reporter-output>
          </reporter-output>
        </test-method> <!-- verifyProfileName -->
        <test-method is-config="true" signature="tearDown()[pri:0, instance:com.naukri.qa.Testcases.ProfileTest@4445629]" started-at="2024-07-09T03:06:37 IST" name="tearDown" finished-at="2024-07-09T03:06:37 IST" duration-ms="197" status="PASS">
          <reporter-output>
          </reporter-output>
        </test-method> <!-- tearDown -->
        <test-method is-config="true" signature="setup()[pri:0, instance:com.naukri.qa.Testcases.ProfileTest@4445629]" started-at="2024-07-09T03:06:37 IST" name="setup" finished-at="2024-07-09T03:06:46 IST" duration-ms="9405" status="PASS">
          <reporter-output>
          </reporter-output>
        </test-method> <!-- setup -->
        <test-method signature="verifyResumeheadlineDtl()[pri:0, instance:com.naukri.qa.Testcases.ProfileTest@4445629]" started-at="2024-07-09T03:06:46 IST" name="verifyResumeheadlineDtl" finished-at="2024-07-09T03:06:53 IST" duration-ms="6427" status="PASS">
          <reporter-output>
          </reporter-output>
        </test-method> <!-- verifyResumeheadlineDtl -->
        <test-method is-config="true" signature="tearDown()[pri:0, instance:com.naukri.qa.Testcases.ProfileTest@4445629]" started-at="2024-07-09T03:06:53 IST" name="tearDown" finished-at="2024-07-09T03:06:53 IST" duration-ms="296" status="PASS">
          <reporter-output>
          </reporter-output>
        </test-method> <!-- tearDown -->
      </class> <!-- com.naukri.qa.Testcases.ProfileTest -->
    </test> <!-- Surefire test -->
  </suite> <!-- Surefire suite -->
</testng-results>
