<?xml version="1.0" encoding="UTF-8"?>
<testng-results ignored="0" total="4" passed="4" failed="0" skipped="0">
  <reporter-output>
  </reporter-output>
  <suite started-at="2024-07-07T02:31:28 IST" name="Suite" finished-at="2024-07-07T02:32:28 IST" duration-ms="60005">
    <groups>
    </groups>
    <test started-at="2024-07-07T02:31:28 IST" name="Test" finished-at="2024-07-07T02:32:28 IST" duration-ms="60005">
      <class name="com.naukri.qa.Testcases.LoginTest">
        <test-method is-config="true" signature="setup()[pri:0, instance:com.naukri.qa.Testcases.LoginTest@69997e9d]" started-at="2024-07-07T02:31:28 IST" name="setup" finished-at="2024-07-07T02:31:33 IST" duration-ms="4942" status="PASS">
          <reporter-output>
          </reporter-output>
        </test-method> <!-- setup -->
        <test-method signature="loginPage()[pri:0, instance:com.naukri.qa.Testcases.LoginTest@69997e9d]" started-at="2024-07-07T02:31:33 IST" name="loginPage" finished-at="2024-07-07T02:31:43 IST" duration-ms="10557" status="PASS">
          <reporter-output>
          </reporter-output>
        </test-method> <!-- loginPage -->
        <test-method is-config="true" signature="terDown()[pri:0, instance:com.naukri.qa.Testcases.LoginTest@69997e9d]" started-at="2024-07-07T02:31:43 IST" name="terDown" finished-at="2024-07-07T02:31:44 IST" duration-ms="197" status="PASS">
          <reporter-output>
          </reporter-output>
        </test-method> <!-- terDown -->
      </class> <!-- com.naukri.qa.Testcases.LoginTest -->
      <class name="com.naukri.qa.Testcases.HomePageTest">
        <test-method is-config="true" signature="setup()[pri:0, instance:com.naukri.qa.Testcases.HomePageTest@2b91004a]" started-at="2024-07-07T02:31:44 IST" name="setup" finished-at="2024-07-07T02:31:53 IST" duration-ms="9605" status="PASS">
          <reporter-output>
          </reporter-output>
        </test-method> <!-- setup -->
        <test-method signature="clickOncompleteProfile()[pri:0, instance:com.naukri.qa.Testcases.HomePageTest@2b91004a]" started-at="2024-07-07T02:31:53 IST" name="clickOncompleteProfile" finished-at="2024-07-07T02:31:59 IST" duration-ms="5394" status="PASS">
          <reporter-output>
          </reporter-output>
        </test-method> <!-- clickOncompleteProfile -->
        <test-method is-config="true" signature="tearDown()[pri:0, instance:com.naukri.qa.Testcases.HomePageTest@2b91004a]" started-at="2024-07-07T02:31:59 IST" name="tearDown" finished-at="2024-07-07T02:31:59 IST" duration-ms="181" status="PASS">
          <reporter-output>
          </reporter-output>
        </test-method> <!-- tearDown -->
      </class> <!-- com.naukri.qa.Testcases.HomePageTest -->
      <class name="com.naukri.qa.Testcases.ProfileTest">
        <test-method is-config="true" signature="setup()[pri:0, instance:com.naukri.qa.Testcases.ProfileTest@20ccf40b]" started-at="2024-07-07T02:31:59 IST" name="setup" finished-at="2024-07-07T02:32:11 IST" duration-ms="12026" status="PASS">
          <reporter-output>
          </reporter-output>
        </test-method> <!-- setup -->
        <test-method signature="verifyProfileName()[pri:0, instance:com.naukri.qa.Testcases.ProfileTest@20ccf40b]" started-at="2024-07-07T02:32:11 IST" name="verifyProfileName" finished-at="2024-07-07T02:32:11 IST" duration-ms="36" status="PASS">
          <reporter-output>
          </reporter-output>
        </test-method> <!-- verifyProfileName -->
        <test-method is-config="true" signature="tearDown()[pri:0, instance:com.naukri.qa.Testcases.ProfileTest@20ccf40b]" started-at="2024-07-07T02:32:11 IST" name="tearDown" finished-at="2024-07-07T02:32:11 IST" duration-ms="198" status="PASS">
          <reporter-output>
          </reporter-output>
        </test-method> <!-- tearDown -->
        <test-method is-config="true" signature="setup()[pri:0, instance:com.naukri.qa.Testcases.ProfileTest@20ccf40b]" started-at="2024-07-07T02:32:11 IST" name="setup" finished-at="2024-07-07T02:32:21 IST" duration-ms="10005" status="PASS">
          <reporter-output>
          </reporter-output>
        </test-method> <!-- setup -->
        <test-method signature="verifyResumeheadlineDtl()[pri:0, instance:com.naukri.qa.Testcases.ProfileTest@20ccf40b]" started-at="2024-07-07T02:32:21 IST" name="verifyResumeheadlineDtl" finished-at="2024-07-07T02:32:28 IST" duration-ms="6586" status="PASS">
          <reporter-output>
          </reporter-output>
        </test-method> <!-- verifyResumeheadlineDtl -->
        <test-method is-config="true" signature="tearDown()[pri:0, instance:com.naukri.qa.Testcases.ProfileTest@20ccf40b]" started-at="2024-07-07T02:32:28 IST" name="tearDown" finished-at="2024-07-07T02:32:28 IST" duration-ms="248" status="PASS">
          <reporter-output>
          </reporter-output>
        </test-method> <!-- tearDown -->
      </class> <!-- com.naukri.qa.Testcases.ProfileTest -->
    </test> <!-- Test -->
  </suite> <!-- Suite -->
</testng-results>
