<?xml version="1.0" encoding="UTF-8"?>
<!-- Generated by org.testng.reporters.JUnitXMLReporter -->
<testsuite ignored="0" hostname="LAPTOP-0NUUCPCM" failures="0" tests="4" name="Surefire test" time="57.665" errors="0" timestamp="2024-07-09T03:06:53 IST">
  <testcase classname="com.naukri.qa.Testcases.HomePageTest" name="clickOncompleteProfile" time="5.342"/>
  <testcase classname="com.naukri.qa.Testcases.LoginTest" name="loginPage" time="10.47"/>
  <testcase classname="com.naukri.qa.Testcases.ProfileTest" name="verifyProfileName" time="0.565"/>
  <testcase classname="com.naukri.qa.Testcases.ProfileTest" name="verifyResumeheadlineDtl" time="6.427"/>
</testsuite> <!-- Surefire test -->
